Arguments: 
  /usr/bin/node /usr/share/yarn/bin/yarn.js run dev

PATH: 
  /usr/local/sbin:/usr/local/bin:/usr/sbin:/usr/bin:/sbin:/bin:/usr/games:/usr/local/games:/snap/bin

Yarn version: 
  1.21.1

Node version: 
  10.17.0

Platform: 
  linux x64

Trace: 
  SyntaxError: /home/andy/Desktop/serendipity/Serendipity-server/package.json: Unexpected token < in JSON at position 2
      at JSON.parse (<anonymous>)
      at /usr/share/yarn/lib/cli.js:1625:59
      at Generator.next (<anonymous>)
      at step (/usr/share/yarn/lib/cli.js:310:30)
      at /usr/share/yarn/lib/cli.js:321:13

npm manifest: 
  {
  <<<<<<< HEAD
    "name": "serendipity-server",
    "version": "1.0.0",
    "description": "Serendipity-server",
    "main": "index.js",
    "scripts": {
      "dev": "nodemon --exec babel-node src/server.js"
    },
    "repository": {
      "type": "git",
      "url": "git+https://github.com/nohsikwan/Serendipity-server.git"
    },
    "author": "",
    "license": "ISC",
    "bugs": {
      "url": "https://github.com/nohsikwan/Serendipity-server/issues"
    },
    "homepage": "https://github.com/nohsikwan/Serendipity-server#readme",
    "dependencies": {
      "@babel/cli": "^7.8.4",
      "@babel/core": "^7.8.4",
      "@babel/node": "^7.8.4",
      "@babel/preset-env": "^7.8.4",
      "aws-sdk": "^2.611.0",
      "babel-node": "0.0.1-security",
      "dotenv": "^8.2.0",
      "graphql-tools": "^4.0.6",
      "graphql-yoga": "^1.18.3",
      "jsonwebtoken": "^8.5.1",
      "merge-graphql-schemas": "^1.7.6",
      "morgan": "^1.9.1",
      "multer": "^1.4.2",
      "multer-s3": "^2.9.0",
      "nodemailer": "^6.4.2",
      "nodemailer-sendgrid-transport": "^0.2.0",
      "passport": "^0.4.1",
      "passport-jwt": "^4.0.0",
      "prisma-client-lib": "^1.34.10"
    },
    "devDependencies": {
      "nodemon": "^2.0.2"
    }
  =======
  	"name": "serendipity-server",
  	"version": "1.0.0",
  	"description": "Serendipity-server",
  	"main": "index.js",
  	"scripts": {
  		"dev": "nodemon --exec babel-node src/server.js"
  	},
  	"repository": {
  		"type": "git",
  		"url": "git+https://github.com/nohsikwan/Serendipity-server.git"
  	},
  	"author": "",
  	"license": "ISC",
  	"bugs": {
  		"url": "https://github.com/nohsikwan/Serendipity-server/issues"
  	},
  	"homepage": "https://github.com/nohsikwan/Serendipity-server#readme",
  	"dependencies": {
  		"@babel/core": "^7.8.4",
  		"@babel/node": "^7.8.4",
  		"@babel/preset-env": "^7.8.4",
  		"aws-sdk": "^2.611.0",
  		"babel-node": "0.0.1-security",
  		"dotenv": "^8.2.0",
  		"graphql-tools": "^4.0.6",
  		"graphql-yoga": "^1.18.3",
  		"jsonwebtoken": "^8.5.1",
  		"merge-graphql-schemas": "^1.7.6",
  		"morgan": "^1.9.1",
  		"multer": "^1.4.2",
  		"multer-s3": "^2.9.0",
  		"nodemailer": "^6.4.2",
  		"nodemailer-sendgrid-transport": "^0.2.0",
  		"passport": "^0.4.1",
  		"passport-jwt": "^4.0.0",
  		"prisma-client-lib": "^1.34.10",
  		"twilio": "^3.39.4"
  	},
  	"devDependencies": {
  		"nodemon": "^2.0.2"
  	}
  >>>>>>> 53a1af4ff03500a1922a1294afc807fe1f750020
  }

yarn manifest: 
  No manifest

Lockfile: 
  No lockfile
